<?xml version="1.0" encoding="UTF-8"?>
<testsuite name="com.distbuild.coordinator.SimpleCoordinatorTest" tests="6" skipped="0" failures="0" errors="0" timestamp="2026-04-21T14:54:14" hostname="POTATO" time="8.203">
  <properties/>
  <testcase name="testEmptyGraphBuild" classname="com.distbuild.coordinator.SimpleCoordinatorTest" time="0.214"/>
  <testcase name="testParallelCompilation" classname="com.distbuild.coordinator.SimpleCoordinatorTest" time="1.438"/>
  <testcase name="testCacheHits" classname="com.distbuild.coordinator.SimpleCoordinatorTest" time="1.199"/>
  <testcase name="testAnnotationProcessorFiltering" classname="com.distbuild.coordinator.SimpleCoordinatorTest" time="1.217"/>
  <testcase name="testDependencyOrdering" classname="com.distbuild.coordinator.SimpleCoordinatorTest" time="2.903"/>
  <testcase name="testSingleModuleBuild" classname="com.distbuild.coordinator.SimpleCoordinatorTest" time="1.23"/>
  <system-out><![CDATA[20:24:14.573 [Test worker] INFO com.distbuild.common.cache.LocalDiskCache -- LocalDiskCache initialized at C:\Users\jayde\AppData\Local\Temp\junit6869626434099707338\cache with max size 1073741824 bytes
20:24:14.586 [Test worker] INFO com.distbuild.coordinator.SimpleCoordinator -- SimpleCoordinator initialized with cache
20:24:14.589 [Test worker] INFO com.distbuild.coordinator.SimpleCoordinator -- Starting distributed build for 0 modules
20:24:14.608 [SimpleCoordinator-1] DEBUG com.distbuild.common.graph.TopologicalSorter -- Starting topological sort for 0 modules
20:24:14.609 [SimpleCoordinator-1] DEBUG com.distbuild.common.graph.TopologicalSorter -- Topological sort completed: []
20:24:14.612 [SimpleCoordinator-1] INFO com.distbuild.coordinator.SimpleCoordinator -- Executing 0 parallel batches for 0 modules
20:24:14.615 [SimpleCoordinator-1] INFO com.distbuild.coordinator.SimpleCoordinator -- Build completed. Success: 0, Failed: 0
20:24:14.625 [Test worker] INFO com.distbuild.common.cache.LocalDiskCache -- LocalDiskCache initialized at C:\Users\jayde\AppData\Local\Temp\junit4772872987187705734\cache with max size 1073741824 bytes
20:24:14.627 [Test worker] INFO com.distbuild.coordinator.SimpleCoordinator -- SimpleCoordinator initialized with cache
20:24:14.633 [Test worker] INFO com.distbuild.coordinator.SimpleCoordinator -- Starting distributed build for 3 modules
20:24:14.634 [SimpleCoordinator-1] DEBUG com.distbuild.common.graph.TopologicalSorter -- Starting topological sort for 3 modules
20:24:14.635 [SimpleCoordinator-1] DEBUG com.distbuild.common.graph.TopologicalSorter -- Topological sort completed: [module-0, module-2, module-1]
20:24:14.635 [SimpleCoordinator-1] INFO com.distbuild.coordinator.SimpleCoordinator -- Executing 1 parallel batches for 3 modules
20:24:14.636 [SimpleCoordinator-1] INFO com.distbuild.coordinator.SimpleCoordinator -- Executing batch 1/1 with 3 modules: [module-0, module-2, module-1]
20:24:14.637 [SimpleCoordinator-2] DEBUG com.distbuild.coordinator.SimpleCoordinator -- Compiling module: module-0
20:24:14.637 [SimpleCoordinator-3] DEBUG com.distbuild.coordinator.SimpleCoordinator -- Compiling module: module-2
20:24:14.637 [SimpleCoordinator-4] DEBUG com.distbuild.coordinator.SimpleCoordinator -- Compiling module: module-1
20:24:14.653 [SimpleCoordinator-3] DEBUG com.distbuild.coordinator.SimpleCoordinator -- Compiling module module-2 locally (simulated)
20:24:14.653 [SimpleCoordinator-4] DEBUG com.distbuild.coordinator.SimpleCoordinator -- Compiling module module-1 locally (simulated)
20:24:14.653 [SimpleCoordinator-2] DEBUG com.distbuild.coordinator.SimpleCoordinator -- Compiling module module-0 locally (simulated)
20:24:14.654 [SimpleCoordinator-3] DEBUG com.distbuild.coordinator.SimpleCoordinator -- Simulating compilation of module module-2
20:24:14.654 [SimpleCoordinator-4] DEBUG com.distbuild.coordinator.SimpleCoordinator -- Simulating compilation of module module-1
20:24:14.654 [SimpleCoordinator-2] DEBUG com.distbuild.coordinator.SimpleCoordinator -- Simulating compilation of module module-0
20:24:16.042 [SimpleCoordinator-3] DEBUG com.distbuild.common.cache.LocalDiskCache -- Cached result for key: module-2-207760492-0-17 (397 bytes)
20:24:16.049 [SimpleCoordinator-2] DEBUG com.distbuild.common.cache.LocalDiskCache -- Cached result for key: module-0-150502190-0-17 (397 bytes)
20:24:16.050 [SimpleCoordinator-1] INFO com.distbuild.coordinator.SimpleCoordinator -- Module module-0 compiled successfully in 836ms
20:24:16.050 [SimpleCoordinator-1] INFO com.distbuild.coordinator.SimpleCoordinator -- Module module-2 compiled successfully in 682ms
20:24:16.052 [SimpleCoordinator-4] DEBUG com.distbuild.common.cache.LocalDiskCache -- Cached result for key: module-1-179131341-0-17 (397 bytes)
20:24:16.052 [SimpleCoordinator-1] INFO com.distbuild.coordinator.SimpleCoordinator -- Module module-1 compiled successfully in 785ms
20:24:16.053 [SimpleCoordinator-1] INFO com.distbuild.coordinator.SimpleCoordinator -- Build completed. Success: 3, Failed: 0
20:24:16.062 [Test worker] INFO com.distbuild.common.cache.LocalDiskCache -- LocalDiskCache initialized at C:\Users\jayde\AppData\Local\Temp\junit12383943429717141113\cache with max size 1073741824 bytes
20:24:16.063 [Test worker] INFO com.distbuild.coordinator.SimpleCoordinator -- SimpleCoordinator initialized with cache
20:24:16.063 [Test worker] INFO com.distbuild.coordinator.SimpleCoordinator -- Starting distributed build for 1 modules
20:24:16.063 [SimpleCoordinator-1] DEBUG com.distbuild.common.graph.TopologicalSorter -- Starting topological sort for 1 modules
20:24:16.065 [SimpleCoordinator-1] DEBUG com.distbuild.common.graph.TopologicalSorter -- Topological sort completed: [test-module]
20:24:16.066 [SimpleCoordinator-1] INFO com.distbuild.coordinator.SimpleCoordinator -- Executing 1 parallel batches for 1 modules
20:24:16.066 [SimpleCoordinator-1] INFO com.distbuild.coordinator.SimpleCoordinator -- Executing batch 1/1 with 1 modules: [test-module]
20:24:16.066 [SimpleCoordinator-2] DEBUG com.distbuild.coordinator.SimpleCoordinator -- Compiling module: test-module
20:24:16.066 [SimpleCoordinator-2] DEBUG com.distbuild.coordinator.SimpleCoordinator -- Compiling module test-module locally (simulated)
20:24:16.066 [SimpleCoordinator-2] DEBUG com.distbuild.coordinator.SimpleCoordinator -- Simulating compilation of module test-module
20:24:17.200 [SimpleCoordinator-2] DEBUG com.distbuild.common.cache.LocalDiskCache -- Cached result for key: test-module-336259228-0-17 (384 bytes)
20:24:17.200 [SimpleCoordinator-1] INFO com.distbuild.coordinator.SimpleCoordinator -- Module test-module compiled successfully in 641ms
20:24:17.200 [SimpleCoordinator-1] INFO com.distbuild.coordinator.SimpleCoordinator -- Build completed. Success: 1, Failed: 0
20:24:17.200 [Test worker] INFO com.distbuild.coordinator.SimpleCoordinator -- Starting distributed build for 1 modules
20:24:17.204 [SimpleCoordinator-1] DEBUG com.distbuild.common.graph.TopologicalSorter -- Starting topological sort for 1 modules
20:24:17.204 [SimpleCoordinator-1] DEBUG com.distbuild.common.graph.TopologicalSorter -- Topological sort completed: [test-module]
20:24:17.204 [SimpleCoordinator-1] INFO com.distbuild.coordinator.SimpleCoordinator -- Executing 1 parallel batches for 1 modules
20:24:17.204 [SimpleCoordinator-1] INFO com.distbuild.coordinator.SimpleCoordinator -- Executing batch 1/1 with 1 modules: [test-module]
20:24:17.204 [SimpleCoordinator-2] DEBUG com.distbuild.coordinator.SimpleCoordinator -- Compiling module: test-module
20:24:17.258 [SimpleCoordinator-2] DEBUG com.distbuild.common.cache.LocalDiskCache -- Cache hit for key: test-module-336259228-0-17 (384 bytes)
20:24:17.258 [SimpleCoordinator-2] DEBUG com.distbuild.coordinator.SimpleCoordinator -- Cache hit for module: test-module
20:24:17.258 [SimpleCoordinator-1] INFO com.distbuild.coordinator.SimpleCoordinator -- Module test-module compiled successfully in 641ms
20:24:17.258 [SimpleCoordinator-1] INFO com.distbuild.coordinator.SimpleCoordinator -- Build completed. Success: 1, Failed: 0
20:24:17.262 [Test worker] INFO com.distbuild.common.cache.LocalDiskCache -- LocalDiskCache initialized at C:\Users\jayde\AppData\Local\Temp\junit5695804569248896828\cache with max size 1073741824 bytes
20:24:17.262 [Test worker] INFO com.distbuild.coordinator.SimpleCoordinator -- SimpleCoordinator initialized with cache
20:24:17.262 [Test worker] INFO com.distbuild.coordinator.SimpleCoordinator -- Starting distributed build for 2 modules
20:24:17.263 [SimpleCoordinator-1] DEBUG com.distbuild.common.graph.TopologicalSorter -- Starting topological sort for 2 modules
20:24:17.263 [SimpleCoordinator-1] DEBUG com.distbuild.common.graph.TopologicalSorter -- Topological sort completed: [normal-module, module-with-ap]
20:24:17.263 [SimpleCoordinator-1] INFO com.distbuild.coordinator.SimpleCoordinator -- Executing 1 parallel batches for 2 modules
20:24:17.263 [SimpleCoordinator-1] INFO com.distbuild.coordinator.SimpleCoordinator -- Executing batch 1/1 with 1 modules: [normal-module]
20:24:17.263 [SimpleCoordinator-2] DEBUG com.distbuild.coordinator.SimpleCoordinator -- Compiling module: normal-module
20:24:17.263 [SimpleCoordinator-2] DEBUG com.distbuild.coordinator.SimpleCoordinator -- Compiling module normal-module locally (simulated)
20:24:17.263 [SimpleCoordinator-2] DEBUG com.distbuild.coordinator.SimpleCoordinator -- Simulating compilation of module normal-module
20:24:18.475 [SimpleCoordinator-2] DEBUG com.distbuild.common.cache.LocalDiskCache -- Cached result for key: normal-module-1769745895-0-17 (390 bytes)
20:24:18.475 [SimpleCoordinator-1] INFO com.distbuild.coordinator.SimpleCoordinator -- Module normal-module compiled successfully in 539ms
20:24:18.475 [SimpleCoordinator-1] INFO com.distbuild.coordinator.SimpleCoordinator -- Build completed. Success: 1, Failed: 0
20:24:18.478 [Test worker] INFO com.distbuild.common.cache.LocalDiskCache -- LocalDiskCache initialized at C:\Users\jayde\AppData\Local\Temp\junit9173604928960473254\cache with max size 1073741824 bytes
20:24:18.478 [Test worker] INFO com.distbuild.coordinator.SimpleCoordinator -- SimpleCoordinator initialized with cache
20:24:18.480 [Test worker] INFO com.distbuild.coordinator.SimpleCoordinator -- Starting distributed build for 3 modules
20:24:18.480 [SimpleCoordinator-1] DEBUG com.distbuild.common.graph.TopologicalSorter -- Starting topological sort for 3 modules
20:24:18.480 [SimpleCoordinator-1] DEBUG com.distbuild.common.graph.TopologicalSorter -- Topological sort completed: [module-a, module-b, module-c]
20:24:18.480 [SimpleCoordinator-1] INFO com.distbuild.coordinator.SimpleCoordinator -- Executing 3 parallel batches for 3 modules
20:24:18.480 [SimpleCoordinator-1] INFO com.distbuild.coordinator.SimpleCoordinator -- Executing batch 1/3 with 1 modules: [module-a]
20:24:18.483 [SimpleCoordinator-2] DEBUG com.distbuild.coordinator.SimpleCoordinator -- Compiling module: module-a
20:24:18.484 [SimpleCoordinator-2] DEBUG com.distbuild.coordinator.SimpleCoordinator -- Compiling module module-a locally (simulated)
20:24:18.485 [SimpleCoordinator-2] DEBUG com.distbuild.coordinator.SimpleCoordinator -- Simulating compilation of module module-a
20:24:19.539 [SimpleCoordinator-2] DEBUG com.distbuild.common.cache.LocalDiskCache -- Cached result for key: module-a-714763697-0-17 (372 bytes)
20:24:19.541 [SimpleCoordinator-1] INFO com.distbuild.coordinator.SimpleCoordinator -- Module module-a compiled successfully in 1028ms
20:24:19.541 [SimpleCoordinator-1] INFO com.distbuild.coordinator.SimpleCoordinator -- Executing batch 2/3 with 1 modules: [module-b]
20:24:19.541 [SimpleCoordinator-2] DEBUG com.distbuild.coordinator.SimpleCoordinator -- Compiling module: module-b
20:24:19.541 [SimpleCoordinator-2] DEBUG com.distbuild.coordinator.SimpleCoordinator -- Compiling module module-b locally (simulated)
20:24:19.541 [SimpleCoordinator-2] DEBUG com.distbuild.coordinator.SimpleCoordinator -- Simulating compilation of module module-b
20:24:20.137 [SimpleCoordinator-2] DEBUG com.distbuild.common.cache.LocalDiskCache -- Cached result for key: module-b-743392848-0-17 (372 bytes)
20:24:20.138 [SimpleCoordinator-1] INFO com.distbuild.coordinator.SimpleCoordinator -- Module module-b compiled successfully in 1059ms
20:24:20.138 [SimpleCoordinator-1] INFO com.distbuild.coordinator.SimpleCoordinator -- Executing batch 3/3 with 1 modules: [module-c]
20:24:20.138 [SimpleCoordinator-2] DEBUG com.distbuild.coordinator.SimpleCoordinator -- Compiling module: module-c
20:24:20.138 [SimpleCoordinator-2] DEBUG com.distbuild.coordinator.SimpleCoordinator -- Compiling module module-c locally (simulated)
20:24:20.138 [SimpleCoordinator-2] DEBUG com.distbuild.coordinator.SimpleCoordinator -- Simulating compilation of module module-c
20:24:21.376 [SimpleCoordinator-2] DEBUG com.distbuild.common.cache.LocalDiskCache -- Cached result for key: module-c-772021999-0-17 (371 bytes)
20:24:21.376 [SimpleCoordinator-1] INFO com.distbuild.coordinator.SimpleCoordinator -- Module module-c compiled successfully in 720ms
20:24:21.376 [SimpleCoordinator-1] INFO com.distbuild.coordinator.SimpleCoordinator -- Build completed. Success: 3, Failed: 0
20:24:21.380 [Test worker] INFO com.distbuild.common.cache.LocalDiskCache -- LocalDiskCache initialized at C:\Users\jayde\AppData\Local\Temp\junit17535171174850194118\cache with max size 1073741824 bytes
20:24:21.380 [Test worker] INFO com.distbuild.coordinator.SimpleCoordinator -- SimpleCoordinator initialized with cache
20:24:21.380 [Test worker] INFO com.distbuild.coordinator.SimpleCoordinator -- Starting distributed build for 1 modules
20:24:21.380 [SimpleCoordinator-1] DEBUG com.distbuild.common.graph.TopologicalSorter -- Starting topological sort for 1 modules
20:24:21.380 [SimpleCoordinator-1] DEBUG com.distbuild.common.graph.TopologicalSorter -- Topological sort completed: [test-module]
20:24:21.380 [SimpleCoordinator-1] INFO com.distbuild.coordinator.SimpleCoordinator -- Executing 1 parallel batches for 1 modules
20:24:21.380 [SimpleCoordinator-1] INFO com.distbuild.coordinator.SimpleCoordinator -- Executing batch 1/1 with 1 modules: [test-module]
20:24:21.382 [SimpleCoordinator-2] DEBUG com.distbuild.coordinator.SimpleCoordinator -- Compiling module: test-module
20:24:21.382 [SimpleCoordinator-2] DEBUG com.distbuild.coordinator.SimpleCoordinator -- Compiling module test-module locally (simulated)
20:24:21.382 [SimpleCoordinator-2] DEBUG com.distbuild.coordinator.SimpleCoordinator -- Simulating compilation of module test-module
20:24:22.606 [SimpleCoordinator-2] DEBUG com.distbuild.common.cache.LocalDiskCache -- Cached result for key: test-module-336259228-0-17 (384 bytes)
20:24:22.606 [SimpleCoordinator-1] INFO com.distbuild.coordinator.SimpleCoordinator -- Module test-module compiled successfully in 739ms
20:24:22.606 [SimpleCoordinator-1] INFO com.distbuild.coordinator.SimpleCoordinator -- Build completed. Success: 1, Failed: 0
]]></system-out>
  <system-err><![CDATA[]]></system-err>
</testsuite>
